#
# There is insufficient memory for the Java Runtime Environment to continue.
# Native memory allocation (mmap) failed to map 716177408 bytes for committing reserved memory.
# Possible reasons:
#   The system is out of physical RAM or swap space
#   The process is running with CompressedOops enabled, and the Java Heap may be blocking the growth of the native heap
# Possible solutions:
#   Reduce memory load on the system
#   Increase physical memory or swap space
#   Check if swap backing store is full
#   Decrease Java heap size (-Xmx/-Xms)
#   Decrease number of Java threads
#   Decrease Java thread stack sizes (-Xss)
#   Set larger code cache with -XX:ReservedCodeCacheSize=
# This output file may be truncated or incomplete.
#
#  Out of Memory Error (os_linux.cpp:2792), pid=5219, tid=0x00007f5ed0795700
#
# JRE version:  (8.0_275-b01) (build )
# Java VM: OpenJDK 64-Bit Server VM (25.275-b01 mixed mode linux-amd64 compressed oops)
# Failed to write core dump. Core dumps have been disabled. To enable core dumping, try "ulimit -c unlimited" before starting Java again
#

---------------  T H R E A D  ---------------

Current thread (0x00007f5ecc00a800):  JavaThread "Unknown thread" [_thread_in_vm, id=5287, stack(0x00007f5ed0395000,0x00007f5ed0796000)]

Stack: [0x00007f5ed0395000,0x00007f5ed0796000],  sp=0x00007f5ed0794640,  free space=4093k
Native frames: (J=compiled Java code, j=interpreted, Vv=VM code, C=native code)
V  [libjvm.so+0xb1de0b]
V  [libjvm.so+0x4e019c]
V  [libjvm.so+0x95b578]
V  [libjvm.so+0x952a2e]
V  [libjvm.so+0x9d43d6]
V  [libjvm.so+0x9c48f3]
V  [libjvm.so+0x2b7e71]
V  [libjvm.so+0x983f19]
V  [libjvm.so+0xae1809]
V  [libjvm.so+0xae1a52]
V  [libjvm.so+0x63e32f]
V  [libjvm.so+0xac525b]
V  [libjvm.so+0x714b30]  JNI_CreateJavaVM+0x60
C  [libjli.so+0x2f8a]
C  [libjli.so+0x75cd]
C  [libpthread.so.0+0x76ba]  start_thread+0xca


---------------  P R O C E S S  ---------------

Java Threads: ( => current thread )

Other Threads:

=>0x00007f5ecc00a800 (exited) JavaThread "Unknown thread" [_thread_in_vm, id=5287, stack(0x00007f5ed0395000,0x00007f5ed0796000)]

VM state:not at safepoint (not fully initialized)

VM Mutex/Monitor currently owned by a thread: None

heap address: 0x00000000c0000000, size: 1024 MB, Compressed Oops mode: Non-zero based:0x00000000bffff000
Narrow klass base: 0x0000000000000000, Narrow klass shift: 0

GC Heap History (0 events):
No events

Deoptimization events (0 events):
No events

Classes redefined (0 events):
No events

Internal exceptions (0 events):
No events

Events (0 events):
No events


Dynamic libraries:
eab00000-100000000 rw-p 00000000 00:00 0 
55cd27574000-55cd27575000 r-xp 00000000 08:01 406827                     /usr/lib/jvm/java-8-openjdk-amd64/jre/bin/java
55cd27774000-55cd27775000 r--p 00000000 08:01 406827                     /usr/lib/jvm/java-8-openjdk-amd64/jre/bin/java
55cd27775000-55cd27776000 rw-p 00001000 08:01 406827                     /usr/lib/jvm/java-8-openjdk-amd64/jre/bin/java
55cd27adb000-55cd27afc000 rw-p 00000000 00:00 0                          [heap]
7f5ec2d79000-7f5ec2ece000 ---p 00000000 00:00 0 
7f5ec2ece000-7f5ec2f84000 rw-p 00000000 00:00 0 
7f5ec2f84000-7f5ec317a000 ---p 00000000 00:00 0 
7f5ec317a000-7f5ec33ea000 rwxp 00000000 00:00 0 
7f5ec33ea000-7f5ecb17a000 ---p 00000000 00:00 0 
7f5ecb17a000-7f5ecb182000 r-xp 00000000 08:01 406783                     /usr/lib/jvm/java-8-openjdk-amd64/jre/lib/amd64/libzip.so
7f5ecb182000-7f5ecb381000 ---p 00008000 08:01 406783                     /usr/lib/jvm/java-8-openjdk-amd64/jre/lib/amd64/libzip.so
7f5ecb381000-7f5ecb382000 r--p 00007000 08:01 406783                     /usr/lib/jvm/java-8-openjdk-amd64/jre/lib/amd64/libzip.so
7f5ecb382000-7f5ecb383000 rw-p 00008000 08:01 406783                     /usr/lib/jvm/java-8-openjdk-amd64/jre/lib/amd64/libzip.so
7f5ecb383000-7f5ecb38e000 r-xp 00000000 08:01 1835197                    /lib/x86_64-linux-gnu/libnss_files-2.23.so
7f5ecb38e000-7f5ecb58d000 ---p 0000b000 08:01 1835197                    /lib/x86_64-linux-gnu/libnss_files-2.23.so
7f5ecb58d000-7f5ecb58e000 r--p 0000a000 08:01 1835197                    /lib/x86_64-linux-gnu/libnss_files-2.23.so
7f5ecb58e000-7f5ecb58f000 rw-p 0000b000 08:01 1835197                    /lib/x86_64-linux-gnu/libnss_files-2.23.so
7f5ecb58f000-7f5ecb595000 rw-p 00000000 00:00 0 
7f5ecb595000-7f5ecb5a0000 r-xp 00000000 08:01 1835201                    /lib/x86_64-linux-gnu/libnss_nis-2.23.so
7f5ecb5a0000-7f5ecb79f000 ---p 0000b000 08:01 1835201                    /lib/x86_64-linux-gnu/libnss_nis-2.23.so
7f5ecb79f000-7f5ecb7a0000 r--p 0000a000 08:01 1835201                    /lib/x86_64-linux-gnu/libnss_nis-2.23.so
7f5ecb7a0000-7f5ecb7a1000 rw-p 0000b000 08:01 1835201                    /lib/x86_64-linux-gnu/libnss_nis-2.23.so
7f5ecb7a1000-7f5ecb7b7000 r-xp 00000000 08:01 1835187                    /lib/x86_64-linux-gnu/libnsl-2.23.so
7f5ecb7b7000-7f5ecb9b6000 ---p 00016000 08:01 1835187                    /lib/x86_64-linux-gnu/libnsl-2.23.so
7f5ecb9b6000-7f5ecb9b7000 r--p 00015000 08:01 1835187                    /lib/x86_64-linux-gnu/libnsl-2.23.so
7f5ecb9b7000-7f5ecb9b8000 rw-p 00016000 08:01 1835187                    /lib/x86_64-linux-gnu/libnsl-2.23.so
7f5ecb9b8000-7f5ecb9ba000 rw-p 00000000 00:00 0 
7f5ecb9ba000-7f5ecb9c2000 r-xp 00000000 08:01 1835199                    /lib/x86_64-linux-gnu/libnss_compat-2.23.so
7f5ecb9c2000-7f5ecbbc1000 ---p 00008000 08:01 1835199                    /lib/x86_64-linux-gnu/libnss_compat-2.23.so
7f5ecbbc1000-7f5ecbbc2000 r--p 00007000 08:01 1835199                    /lib/x86_64-linux-gnu/libnss_compat-2.23.so
7f5ecbbc2000-7f5ecbbc3000 rw-p 00008000 08:01 1835199                    /lib/x86_64-linux-gnu/libnss_compat-2.23.so
7f5ecbbc3000-7f5ecbbed000 r-xp 00000000 08:01 403491                     /usr/lib/jvm/java-8-openjdk-amd64/jre/lib/amd64/libjava.so
7f5ecbbed000-7f5ecbdec000 ---p 0002a000 08:01 403491                     /usr/lib/jvm/java-8-openjdk-amd64/jre/lib/amd64/libjava.so
7f5ecbdec000-7f5ecbded000 r--p 00029000 08:01 403491                     /usr/lib/jvm/java-8-openjdk-amd64/jre/lib/amd64/libjava.so
7f5ecbded000-7f5ecbdef000 rw-p 0002a000 08:01 403491                     /usr/lib/jvm/java-8-openjdk-amd64/jre/lib/amd64/libjava.so
7f5ecbdef000-7f5ecbdfe000 r-xp 00000000 08:01 406763                     /usr/lib/jvm/java-8-openjdk-amd64/jre/lib/amd64/libverify.so
7f5ecbdfe000-7f5ecbffd000 ---p 0000f000 08:01 406763                     /usr/lib/jvm/java-8-openjdk-amd64/jre/lib/amd64/libverify.so
7f5ecbffd000-7f5ecbfff000 r--p 0000e000 08:01 406763                     /usr/lib/jvm/java-8-openjdk-amd64/jre/lib/amd64/libverify.so
7f5ecbfff000-7f5ecc000000 rw-p 00010000 08:01 406763                     /usr/lib/jvm/java-8-openjdk-amd64/jre/lib/amd64/libverify.so
7f5ecc000000-7f5ecc033000 rw-p 00000000 00:00 0 
7f5ecc033000-7f5ed0000000 ---p 00000000 00:00 0 
7f5ed018d000-7f5ed0194000 r-xp 00000000 08:01 1835204                    /lib/x86_64-linux-gnu/librt-2.23.so
7f5ed0194000-7f5ed0393000 ---p 00007000 08:01 1835204                    /lib/x86_64-linux-gnu/librt-2.23.so
7f5ed0393000-7f5ed0394000 r--p 00006000 08:01 1835204                    /lib/x86_64-linux-gnu/librt-2.23.so
7f5ed0394000-7f5ed0395000 rw-p 00007000 08:01 1835204                    /lib/x86_64-linux-gnu/librt-2.23.so
7f5ed0395000-7f5ed0398000 ---p 00000000 00:00 0 
7f5ed0398000-7f5ed0796000 rw-p 00000000 00:00 0 
7f5ed0796000-7f5ed07ac000 r-xp 00000000 08:01 1840214                    /lib/x86_64-linux-gnu/libgcc_s.so.1
7f5ed07ac000-7f5ed09ab000 ---p 00016000 08:01 1840214                    /lib/x86_64-linux-gnu/libgcc_s.so.1
7f5ed09ab000-7f5ed09ac000 rw-p 00015000 08:01 1840214                    /lib/x86_64-linux-gnu/libgcc_s.so.1
7f5ed09ac000-7f5ed0ab4000 r-xp 00000000 08:01 1835188                    /lib/x86_64-linux-gnu/libm-2.23.so
7f5ed0ab4000-7f5ed0cb3000 ---p 00108000 08:01 1835188                    /lib/x86_64-linux-gnu/libm-2.23.so
7f5ed0cb3000-7f5ed0cb4000 r--p 00107000 08:01 1835188                    /lib/x86_64-linux-gnu/libm-2.23.so
7f5ed0cb4000-7f5ed0cb5000 rw-p 00108000 08:01 1835188                    /lib/x86_64-linux-gnu/libm-2.23.so
7f5ed0cb5000-7f5ed0e27000 r-xp 00000000 08:01 2360904                    /usr/lib/x86_64-linux-gnu/libstdc++.so.6.0.21
7f5ed0e27000-7f5ed1027000 ---p 00172000 08:01 2360904                    /usr/lib/x86_64-linux-gnu/libstdc++.so.6.0.21
7f5ed1027000-7f5ed1031000 r--p 00172000 08:01 2360904                    /usr/lib/x86_64-linux-gnu/libstdc++.so.6.0.21
7f5ed1031000-7f5ed1033000 rw-p 0017c000 08:01 2360904                    /usr/lib/x86_64-linux-gnu/libstdc++.so.6.0.21
7f5ed1033000-7f5ed1037000 rw-p 00000000 00:00 0 
7f5ed1037000-7f5ed1d5c000 r-xp 00000000 08:01 406774                     /usr/lib/jvm/java-8-openjdk-amd64/jre/lib/amd64/server/libjvm.so
7f5ed1d5c000-7f5ed1f5b000 ---p 00d25000 08:01 406774                     /usr/lib/jvm/java-8-openjdk-amd64/jre/lib/amd64/server/libjvm.so
7f5ed1f5b000-7f5ed1ff1000 r--p 00d24000 08:01 406774                     /usr/lib/jvm/java-8-openjdk-amd64/jre/lib/amd64/server/libjvm.so
7f5ed1ff1000-7f5ed201a000 rw-p 00dba000 08:01 406774                     /usr/lib/jvm/java-8-openjdk-amd64/jre/lib/amd64/server/libjvm.so
7f5ed201a000-7f5ed204d000 rw-p 00000000 00:00 0 
7f5ed204d000-7f5ed2065000 r-xp 00000000 08:01 1835185                    /lib/x86_64-linux-gnu/libpthread-2.23.so
7f5ed2065000-7f5ed2264000 ---p 00018000 08:01 1835185                    /lib/x86_64-linux-gnu/libpthread-2.23.so
7f5ed2264000-7f5ed2265000 r--p 00017000 08:01 1835185                    /lib/x86_64-linux-gnu/libpthread-2.23.so
7f5ed2265000-7f5ed2266000 rw-p 00018000 08:01 1835185                    /lib/x86_64-linux-gnu/libpthread-2.23.so
7f5ed2266000-7f5ed226a000 rw-p 00000000 00:00 0 
7f5ed226a000-7f5ed226d000 r-xp 00000000 08:01 1835182                    /lib/x86_64-linux-gnu/libdl-2.23.so
7f5ed226d000-7f5ed246c000 ---p 00003000 08:01 1835182                    /lib/x86_64-linux-gnu/libdl-2.23.so
7f5ed246c000-7f5ed246d000 r--p 00002000 08:01 1835182                    /lib/x86_64-linux-gnu/libdl-2.23.so
7f5ed246d000-7f5ed246e000 rw-p 00003000 08:01 1835182                    /lib/x86_64-linux-gnu/libdl-2.23.so
7f5ed246e000-7f5ed2487000 r-xp 00000000 08:01 1835212                    /lib/x86_64-linux-gnu/libz.so.1.2.8
7f5ed2487000-7f5ed2686000 ---p 00019000 08:01 1835212                    /lib/x86_64-linux-gnu/libz.so.1.2.8
7f5ed2686000-7f5ed2687000 r--p 00018000 08:01 1835212                    /lib/x86_64-linux-gnu/libz.so.1.2.8
7f5ed2687000-7f5ed2688000 rw-p 00019000 08:01 1835212                    /lib/x86_64-linux-gnu/libz.so.1.2.8
7f5ed2688000-7f5ed2848000 r-xp 00000000 08:01 1835184                    /lib/x86_64-linux-gnu/libc-2.23.so
7f5ed2848000-7f5ed2a48000 ---p 001c0000 08:01 1835184                    /lib/x86_64-linux-gnu/libc-2.23.so
7f5ed2a48000-7f5ed2a4c000 r--p 001c0000 08:01 1835184                    /lib/x86_64-linux-gnu/libc-2.23.so
7f5ed2a4c000-7f5ed2a4e000 rw-p 001c4000 08:01 1835184                    /lib/x86_64-linux-gnu/libc-2.23.so
7f5ed2a4e000-7f5ed2a52000 rw-p 00000000 00:00 0 
7f5ed2a52000-7f5ed2a60000 r-xp 00000000 08:01 406757                     /usr/lib/jvm/java-8-openjdk-amd64/jre/lib/amd64/jli/libjli.so
7f5ed2a60000-7f5ed2c5f000 ---p 0000e000 08:01 406757                     /usr/lib/jvm/java-8-openjdk-amd64/jre/lib/amd64/jli/libjli.so
7f5ed2c5f000-7f5ed2c60000 r--p 0000d000 08:01 406757                     /usr/lib/jvm/java-8-openjdk-amd64/jre/lib/amd64/jli/libjli.so
7f5ed2c60000-7f5ed2c61000 rw-p 0000e000 08:01 406757                     /usr/lib/jvm/java-8-openjdk-amd64/jre/lib/amd64/jli/libjli.so
7f5ed2c61000-7f5ed2c87000 r-xp 00000000 08:01 1835195                    /lib/x86_64-linux-gnu/ld-2.23.so
7f5ed2e66000-7f5ed2e6a000 rw-p 00000000 00:00 0 
7f5ed2e7b000-7f5ed2e83000 rw-s 00000000 08:01 277791                     /tmp/hsperfdata_patmos/5219
7f5ed2e83000-7f5ed2e84000 rw-p 00000000 00:00 0 
7f5ed2e84000-7f5ed2e85000 r--p 00000000 00:00 0 
7f5ed2e85000-7f5ed2e86000 rw-p 00000000 00:00 0 
7f5ed2e86000-7f5ed2e87000 r--p 00025000 08:01 1835195                    /lib/x86_64-linux-gnu/ld-2.23.so
7f5ed2e87000-7f5ed2e88000 rw-p 00026000 08:01 1835195                    /lib/x86_64-linux-gnu/ld-2.23.so
7f5ed2e88000-7f5ed2e89000 rw-p 00000000 00:00 0 
7ffc4ba79000-7ffc4ba9b000 rw-p 00000000 00:00 0                          [stack]
7ffc4bb92000-7ffc4bb94000 r--p 00000000 00:00 0                          [vvar]
7ffc4bb94000-7ffc4bb96000 r-xp 00000000 00:00 0                          [vdso]
ffffffffff600000-ffffffffff601000 r-xp 00000000 00:00 0                  [vsyscall]

VM Arguments:
jvm_args: -Dfile.encoding=UTF-8 -Xms1024m -Xmx1024m -Xss4M -XX:ReservedCodeCacheSize=128m 
java_command: /usr/share/sbt/bin/sbt-launch.jar run
java_class_path (initial): /usr/share/sbt/bin/sbt-launch.jar
Launcher Type: SUN_STANDARD

Environment Variables:
PATH=/home/patmos/.local/bin:/home/patmos/bin:/home/patmos/.local/bin:/usr/local/sbin:/usr/local/bin:/usr/sbin:/usr/bin:/sbin:/bin:/usr/games:/usr/local/games:/snap/bin:/home/patmos/t-crest/local/bin:/home/patmos/intelFPGA_lite/16.1/quartus/bin
SHELL=/bin/bash
DISPLAY=:0

Signal Handlers:
SIGSEGV: [libjvm.so+0xb1e940], sa_mask[0]=11111111011111111101111111111110, sa_flags=SA_RESTART|SA_SIGINFO
SIGBUS: [libjvm.so+0xb1e940], sa_mask[0]=11111111011111111101111111111110, sa_flags=SA_RESTART|SA_SIGINFO
SIGFPE: [libjvm.so+0x956450], sa_mask[0]=11111111011111111101111111111110, sa_flags=SA_RESTART|SA_SIGINFO
SIGPIPE: [libjvm.so+0x956450], sa_mask[0]=11111111011111111101111111111110, sa_flags=SA_RESTART|SA_SIGINFO
SIGXFSZ: [libjvm.so+0x956450], sa_mask[0]=11111111011111111101111111111110, sa_flags=SA_RESTART|SA_SIGINFO
SIGILL: [libjvm.so+0x956450], sa_mask[0]=11111111011111111101111111111110, sa_flags=SA_RESTART|SA_SIGINFO
SIGUSR1: SIG_DFL, sa_mask[0]=00000000000000000000000000000000, sa_flags=none
SIGUSR2: [libjvm.so+0x956300], sa_mask[0]=00100000000000000000000000000000, sa_flags=SA_RESTART|SA_SIGINFO
SIGHUP: SIG_DFL, sa_mask[0]=00000000000000000000000000000000, sa_flags=none
SIGINT: SIG_DFL, sa_mask[0]=00000000000000000000000000000000, sa_flags=none
SIGTERM: SIG_DFL, sa_mask[0]=00000000000000000000000000000000, sa_flags=none
SIGQUIT: SIG_DFL, sa_mask[0]=00000000000000000000000000000000, sa_flags=none


---------------  S Y S T E M  ---------------

OS:DISTRIB_ID=Ubuntu
DISTRIB_RELEASE=16.04
DISTRIB_CODENAME=xenial
DISTRIB_DESCRIPTION="Ubuntu 16.04.7 LTS"

uname:Linux 4.4.0-197-generic #229-Ubuntu SMP Wed Nov 25 11:05:42 UTC 2020 x86_64
libc:glibc 2.23 NPTL 2.23 
rlimit: STACK 8192k, CORE 0k, NPROC 15563, NOFILE 1048576, AS infinity
load average:2.18 2.36 3.18

/proc/meminfo:
MemTotal:        4028476 kB
MemFree:          297464 kB
MemAvailable:     366496 kB
Buffers:           15188 kB
Cached:           391276 kB
SwapCached:        42888 kB
Active:          2110480 kB
Inactive:         968940 kB
Active(anon):    2012780 kB
Inactive(anon):   815532 kB
Active(file):      97700 kB
Inactive(file):   153408 kB
Unevictable:          48 kB
Mlocked:              48 kB
SwapTotal:       2094076 kB
SwapFree:         106860 kB
Dirty:               128 kB
Writeback:             0 kB
AnonPages:       2630388 kB
Mapped:           318040 kB
Shmem:            155356 kB
Slab:             108892 kB
SReclaimable:      46040 kB
SUnreclaim:        62852 kB
KernelStack:       15472 kB
PageTables:        52644 kB
NFS_Unstable:          0 kB
Bounce:                0 kB
WritebackTmp:          0 kB
CommitLimit:     4108312 kB
Committed_AS:    9180592 kB
VmallocTotal:   34359738367 kB
VmallocUsed:           0 kB
VmallocChunk:          0 kB
HardwareCorrupted:     0 kB
AnonHugePages:         0 kB
CmaTotal:              0 kB
CmaFree:               0 kB
HugePages_Total:       0
HugePages_Free:        0
HugePages_Rsvd:        0
HugePages_Surp:        0
Hugepagesize:       2048 kB
DirectMap4k:      567104 kB
DirectMap2M:     3627008 kB
DirectMap1G:     2097152 kB

container (cgroup) information:
container_type: cgroupv1
cpu_cpuset_cpus: 0-1
cpu_memory_nodes: 0
active_processor_count: 2
cpu_quota: -1
cpu_period: 100000
cpu_shares: -1
memory_limit_in_bytes: -1
memory_and_swap_limit_in_bytes: -2
memory_soft_limit_in_bytes: -1
memory_usage_in_bytes: 3124318208
memory_max_usage_in_bytes: 0


CPU:total 2 (initial active 2) (1 cores per cpu, 1 threads per core) family 6 model 142 stepping 10, cmov, cx8, fxsr, mmx, sse, sse2, sse3, ssse3, sse4.1, sse4.2, popcnt, avx, avx2, aes, clmul, erms, 3dnowpref, lzcnt, tsc, tscinvbit, bmi1, bmi2, adx

/proc/cpuinfo:
processor	: 0
vendor_id	: GenuineIntel
cpu family	: 6
model		: 142
model name	: Intel(R) Core(TM) i7-8550U CPU @ 1.80GHz
stepping	: 10
microcode	: 0xe0
cpu MHz		: 1991.999
cache size	: 8192 KB
physical id	: 0
siblings	: 1
core id		: 0
cpu cores	: 1
apicid		: 0
initial apicid	: 0
fpu		: yes
fpu_exception	: yes
cpuid level	: 22
wp		: yes
flags		: fpu vme de pse tsc msr pae mce cx8 apic sep mtrr pge mca cmov pat pse36 clflush mmx fxsr sse sse2 ss syscall nx pdpe1gb rdtscp lm constant_tsc arch_perfmon nopl xtopology tsc_reliable nonstop_tsc pni pclmulqdq ssse3 fma cx16 pcid sse4_1 sse4_2 x2apic movbe popcnt tsc_deadline_timer aes xsave avx f16c rdrand hypervisor lahf_lm abm 3dnowprefetch invpcid_single ssbd ibrs ibpb stibp kaiser fsgsbase tsc_adjust bmi1 avx2 smep bmi2 invpcid rdseed adx smap xsaveopt arat md_clear flush_l1d arch_capabilities
bugs		: cpu_meltdown spectre_v1 spectre_v2 spec_store_bypass l1tf mds swapgs itlb_multihit srbds
bogomips	: 3983.99
clflush size	: 64
cache_alignment	: 64
address sizes	: 42 bits physical, 48 bits virtual
power management:

processor	: 1
vendor_id	: GenuineIntel
cpu family	: 6
model		: 142
model name	: Intel(R) Core(TM) i7-8550U CPU @ 1.80GHz
stepping	: 10
microcode	: 0xe0
cpu MHz		: 1991.999
cache size	: 8192 KB
physical id	: 2
siblings	: 1
core id		: 0
cpu cores	: 1
apicid		: 2
initial apicid	: 2
fpu		: yes
fpu_exception	: yes
cpuid level	: 22
wp		: yes
flags		: fpu vme de pse tsc msr pae mce cx8 apic sep mtrr pge mca cmov pat pse36 clflush mmx fxsr sse sse2 ss syscall nx pdpe1gb rdtscp lm constant_tsc arch_perfmon nopl xtopology tsc_reliable nonstop_tsc pni pclmulqdq ssse3 fma cx16 pcid sse4_1 sse4_2 x2apic movbe popcnt tsc_deadline_timer aes xsave avx f16c rdrand hypervisor lahf_lm abm 3dnowprefetch invpcid_single ssbd ibrs ibpb stibp kaiser fsgsbase tsc_adjust bmi1 avx2 smep bmi2 invpcid rdseed adx smap xsaveopt arat md_clear flush_l1d arch_capabilities
bugs		: cpu_meltdown spectre_v1 spectre_v2 spec_store_bypass l1tf mds swapgs itlb_multihit srbds
bogomips	: 3983.99
clflush size	: 64
cache_alignment	: 64
address sizes	: 42 bits physical, 48 bits virtual
power management:



Memory: 4k page, physical 4028476k(297464k free), swap 2094076k(106860k free)

vm_info: OpenJDK 64-Bit Server VM (25.275-b01) for linux-amd64 JRE (1.8.0_275-8u275-b01-0ubuntu1~16.04-b01), built on Nov  9 2020 03:41:32 by "buildd" with gcc 5.4.0 20160609

time: Thu Jan  7 18:02:28 2021
timezone: CET
elapsed time: 0.006792 seconds (0d 0h 0m 0s)

