#
# There is insufficient memory for the Java Runtime Environment to continue.
# Native memory allocation (mmap) failed to map 716177408 bytes for committing reserved memory.
# Possible reasons:
#   The system is out of physical RAM or swap space
#   The process is running with CompressedOops enabled, and the Java Heap may be blocking the growth of the native heap
# Possible solutions:
#   Reduce memory load on the system
#   Increase physical memory or swap space
#   Check if swap backing store is full
#   Decrease Java heap size (-Xmx/-Xms)
#   Decrease number of Java threads
#   Decrease Java thread stack sizes (-Xss)
#   Set larger code cache with -XX:ReservedCodeCacheSize=
# This output file may be truncated or incomplete.
#
#  Out of Memory Error (os_linux.cpp:2792), pid=5150, tid=0x00007f0dcf1c9700
#
# JRE version:  (8.0_275-b01) (build )
# Java VM: OpenJDK 64-Bit Server VM (25.275-b01 mixed mode linux-amd64 compressed oops)
# Failed to write core dump. Core dumps have been disabled. To enable core dumping, try "ulimit -c unlimited" before starting Java again
#

---------------  T H R E A D  ---------------

Current thread (0x00007f0dc800b000):  JavaThread "Unknown thread" [_thread_in_vm, id=5218, stack(0x00007f0dcedc9000,0x00007f0dcf1ca000)]

Stack: [0x00007f0dcedc9000,0x00007f0dcf1ca000],  sp=0x00007f0dcf1c8640,  free space=4093k
Native frames: (J=compiled Java code, j=interpreted, Vv=VM code, C=native code)
V  [libjvm.so+0xb1de0b]
V  [libjvm.so+0x4e019c]
V  [libjvm.so+0x95b578]
V  [libjvm.so+0x952a2e]
V  [libjvm.so+0x9d43d6]
V  [libjvm.so+0x9c48f3]
V  [libjvm.so+0x2b7e71]
V  [libjvm.so+0x983f19]
V  [libjvm.so+0xae1809]
V  [libjvm.so+0xae1a52]
V  [libjvm.so+0x63e32f]
V  [libjvm.so+0xac525b]
V  [libjvm.so+0x714b30]  JNI_CreateJavaVM+0x60
C  [libjli.so+0x2f8a]
C  [libjli.so+0x75cd]
C  [libpthread.so.0+0x76ba]  start_thread+0xca


---------------  P R O C E S S  ---------------

Java Threads: ( => current thread )

Other Threads:

=>0x00007f0dc800b000 (exited) JavaThread "Unknown thread" [_thread_in_vm, id=5218, stack(0x00007f0dcedc9000,0x00007f0dcf1ca000)]

VM state:not at safepoint (not fully initialized)

VM Mutex/Monitor currently owned by a thread: None

heap address: 0x00000000c0000000, size: 1024 MB, Compressed Oops mode: Non-zero based:0x00000000bffff000
Narrow klass base: 0x0000000000000000, Narrow klass shift: 0

GC Heap History (0 events):
No events

Deoptimization events (0 events):
No events

Classes redefined (0 events):
No events

Internal exceptions (0 events):
No events

Events (0 events):
No events


Dynamic libraries:
eab00000-100000000 rw-p 00000000 00:00 0 
56223bf7a000-56223bf7b000 r-xp 00000000 08:01 406827                     /usr/lib/jvm/java-8-openjdk-amd64/jre/bin/java
56223c17a000-56223c17b000 r--p 00000000 08:01 406827                     /usr/lib/jvm/java-8-openjdk-amd64/jre/bin/java
56223c17b000-56223c17c000 rw-p 00001000 08:01 406827                     /usr/lib/jvm/java-8-openjdk-amd64/jre/bin/java
56223d541000-56223d562000 rw-p 00000000 00:00 0                          [heap]
7f0dc0000000-7f0dc0270000 rwxp 00000000 00:00 0 
7f0dc0270000-7f0dc8000000 ---p 00000000 00:00 0 
7f0dc8000000-7f0dc8033000 rw-p 00000000 00:00 0 
7f0dc8033000-7f0dcc000000 ---p 00000000 00:00 0 
7f0dcd93a000-7f0dcda8f000 ---p 00000000 00:00 0 
7f0dcda8f000-7f0dcdb45000 rw-p 00000000 00:00 0 
7f0dcdb45000-7f0dcdd3b000 ---p 00000000 00:00 0 
7f0dcdd3b000-7f0dcdd43000 r-xp 00000000 08:01 406783                     /usr/lib/jvm/java-8-openjdk-amd64/jre/lib/amd64/libzip.so
7f0dcdd43000-7f0dcdf42000 ---p 00008000 08:01 406783                     /usr/lib/jvm/java-8-openjdk-amd64/jre/lib/amd64/libzip.so
7f0dcdf42000-7f0dcdf43000 r--p 00007000 08:01 406783                     /usr/lib/jvm/java-8-openjdk-amd64/jre/lib/amd64/libzip.so
7f0dcdf43000-7f0dcdf44000 rw-p 00008000 08:01 406783                     /usr/lib/jvm/java-8-openjdk-amd64/jre/lib/amd64/libzip.so
7f0dcdf44000-7f0dcdf4f000 r-xp 00000000 08:01 1835197                    /lib/x86_64-linux-gnu/libnss_files-2.23.so
7f0dcdf4f000-7f0dce14e000 ---p 0000b000 08:01 1835197                    /lib/x86_64-linux-gnu/libnss_files-2.23.so
7f0dce14e000-7f0dce14f000 r--p 0000a000 08:01 1835197                    /lib/x86_64-linux-gnu/libnss_files-2.23.so
7f0dce14f000-7f0dce150000 rw-p 0000b000 08:01 1835197                    /lib/x86_64-linux-gnu/libnss_files-2.23.so
7f0dce150000-7f0dce156000 rw-p 00000000 00:00 0 
7f0dce156000-7f0dce161000 r-xp 00000000 08:01 1835201                    /lib/x86_64-linux-gnu/libnss_nis-2.23.so
7f0dce161000-7f0dce360000 ---p 0000b000 08:01 1835201                    /lib/x86_64-linux-gnu/libnss_nis-2.23.so
7f0dce360000-7f0dce361000 r--p 0000a000 08:01 1835201                    /lib/x86_64-linux-gnu/libnss_nis-2.23.so
7f0dce361000-7f0dce362000 rw-p 0000b000 08:01 1835201                    /lib/x86_64-linux-gnu/libnss_nis-2.23.so
7f0dce362000-7f0dce378000 r-xp 00000000 08:01 1835187                    /lib/x86_64-linux-gnu/libnsl-2.23.so
7f0dce378000-7f0dce577000 ---p 00016000 08:01 1835187                    /lib/x86_64-linux-gnu/libnsl-2.23.so
7f0dce577000-7f0dce578000 r--p 00015000 08:01 1835187                    /lib/x86_64-linux-gnu/libnsl-2.23.so
7f0dce578000-7f0dce579000 rw-p 00016000 08:01 1835187                    /lib/x86_64-linux-gnu/libnsl-2.23.so
7f0dce579000-7f0dce57b000 rw-p 00000000 00:00 0 
7f0dce57b000-7f0dce583000 r-xp 00000000 08:01 1835199                    /lib/x86_64-linux-gnu/libnss_compat-2.23.so
7f0dce583000-7f0dce782000 ---p 00008000 08:01 1835199                    /lib/x86_64-linux-gnu/libnss_compat-2.23.so
7f0dce782000-7f0dce783000 r--p 00007000 08:01 1835199                    /lib/x86_64-linux-gnu/libnss_compat-2.23.so
7f0dce783000-7f0dce784000 rw-p 00008000 08:01 1835199                    /lib/x86_64-linux-gnu/libnss_compat-2.23.so
7f0dce784000-7f0dce7ae000 r-xp 00000000 08:01 403491                     /usr/lib/jvm/java-8-openjdk-amd64/jre/lib/amd64/libjava.so
7f0dce7ae000-7f0dce9ad000 ---p 0002a000 08:01 403491                     /usr/lib/jvm/java-8-openjdk-amd64/jre/lib/amd64/libjava.so
7f0dce9ad000-7f0dce9ae000 r--p 00029000 08:01 403491                     /usr/lib/jvm/java-8-openjdk-amd64/jre/lib/amd64/libjava.so
7f0dce9ae000-7f0dce9b0000 rw-p 0002a000 08:01 403491                     /usr/lib/jvm/java-8-openjdk-amd64/jre/lib/amd64/libjava.so
7f0dce9b0000-7f0dce9bf000 r-xp 00000000 08:01 406763                     /usr/lib/jvm/java-8-openjdk-amd64/jre/lib/amd64/libverify.so
7f0dce9bf000-7f0dcebbe000 ---p 0000f000 08:01 406763                     /usr/lib/jvm/java-8-openjdk-amd64/jre/lib/amd64/libverify.so
7f0dcebbe000-7f0dcebc0000 r--p 0000e000 08:01 406763                     /usr/lib/jvm/java-8-openjdk-amd64/jre/lib/amd64/libverify.so
7f0dcebc0000-7f0dcebc1000 rw-p 00010000 08:01 406763                     /usr/lib/jvm/java-8-openjdk-amd64/jre/lib/amd64/libverify.so
7f0dcebc1000-7f0dcebc8000 r-xp 00000000 08:01 1835204                    /lib/x86_64-linux-gnu/librt-2.23.so
7f0dcebc8000-7f0dcedc7000 ---p 00007000 08:01 1835204                    /lib/x86_64-linux-gnu/librt-2.23.so
7f0dcedc7000-7f0dcedc8000 r--p 00006000 08:01 1835204                    /lib/x86_64-linux-gnu/librt-2.23.so
7f0dcedc8000-7f0dcedc9000 rw-p 00007000 08:01 1835204                    /lib/x86_64-linux-gnu/librt-2.23.so
7f0dcedc9000-7f0dcedcc000 ---p 00000000 00:00 0 
7f0dcedcc000-7f0dcf1ca000 rw-p 00000000 00:00 0 
7f0dcf1ca000-7f0dcf1e0000 r-xp 00000000 08:01 1840214                    /lib/x86_64-linux-gnu/libgcc_s.so.1
7f0dcf1e0000-7f0dcf3df000 ---p 00016000 08:01 1840214                    /lib/x86_64-linux-gnu/libgcc_s.so.1
7f0dcf3df000-7f0dcf3e0000 rw-p 00015000 08:01 1840214                    /lib/x86_64-linux-gnu/libgcc_s.so.1
7f0dcf3e0000-7f0dcf4e8000 r-xp 00000000 08:01 1835188                    /lib/x86_64-linux-gnu/libm-2.23.so
7f0dcf4e8000-7f0dcf6e7000 ---p 00108000 08:01 1835188                    /lib/x86_64-linux-gnu/libm-2.23.so
7f0dcf6e7000-7f0dcf6e8000 r--p 00107000 08:01 1835188                    /lib/x86_64-linux-gnu/libm-2.23.so
7f0dcf6e8000-7f0dcf6e9000 rw-p 00108000 08:01 1835188                    /lib/x86_64-linux-gnu/libm-2.23.so
7f0dcf6e9000-7f0dcf85b000 r-xp 00000000 08:01 2360904                    /usr/lib/x86_64-linux-gnu/libstdc++.so.6.0.21
7f0dcf85b000-7f0dcfa5b000 ---p 00172000 08:01 2360904                    /usr/lib/x86_64-linux-gnu/libstdc++.so.6.0.21
7f0dcfa5b000-7f0dcfa65000 r--p 00172000 08:01 2360904                    /usr/lib/x86_64-linux-gnu/libstdc++.so.6.0.21
7f0dcfa65000-7f0dcfa67000 rw-p 0017c000 08:01 2360904                    /usr/lib/x86_64-linux-gnu/libstdc++.so.6.0.21
7f0dcfa67000-7f0dcfa6b000 rw-p 00000000 00:00 0 
7f0dcfa6b000-7f0dd0790000 r-xp 00000000 08:01 406774                     /usr/lib/jvm/java-8-openjdk-amd64/jre/lib/amd64/server/libjvm.so
7f0dd0790000-7f0dd098f000 ---p 00d25000 08:01 406774                     /usr/lib/jvm/java-8-openjdk-amd64/jre/lib/amd64/server/libjvm.so
7f0dd098f000-7f0dd0a25000 r--p 00d24000 08:01 406774                     /usr/lib/jvm/java-8-openjdk-amd64/jre/lib/amd64/server/libjvm.so
7f0dd0a25000-7f0dd0a4e000 rw-p 00dba000 08:01 406774                     /usr/lib/jvm/java-8-openjdk-amd64/jre/lib/amd64/server/libjvm.so
7f0dd0a4e000-7f0dd0a81000 rw-p 00000000 00:00 0 
7f0dd0a81000-7f0dd0a99000 r-xp 00000000 08:01 1835185                    /lib/x86_64-linux-gnu/libpthread-2.23.so
7f0dd0a99000-7f0dd0c98000 ---p 00018000 08:01 1835185                    /lib/x86_64-linux-gnu/libpthread-2.23.so
7f0dd0c98000-7f0dd0c99000 r--p 00017000 08:01 1835185                    /lib/x86_64-linux-gnu/libpthread-2.23.so
7f0dd0c99000-7f0dd0c9a000 rw-p 00018000 08:01 1835185                    /lib/x86_64-linux-gnu/libpthread-2.23.so
7f0dd0c9a000-7f0dd0c9e000 rw-p 00000000 00:00 0 
7f0dd0c9e000-7f0dd0ca1000 r-xp 00000000 08:01 1835182                    /lib/x86_64-linux-gnu/libdl-2.23.so
7f0dd0ca1000-7f0dd0ea0000 ---p 00003000 08:01 1835182                    /lib/x86_64-linux-gnu/libdl-2.23.so
7f0dd0ea0000-7f0dd0ea1000 r--p 00002000 08:01 1835182                    /lib/x86_64-linux-gnu/libdl-2.23.so
7f0dd0ea1000-7f0dd0ea2000 rw-p 00003000 08:01 1835182                    /lib/x86_64-linux-gnu/libdl-2.23.so
7f0dd0ea2000-7f0dd0ebb000 r-xp 00000000 08:01 1835212                    /lib/x86_64-linux-gnu/libz.so.1.2.8
7f0dd0ebb000-7f0dd10ba000 ---p 00019000 08:01 1835212                    /lib/x86_64-linux-gnu/libz.so.1.2.8
7f0dd10ba000-7f0dd10bb000 r--p 00018000 08:01 1835212                    /lib/x86_64-linux-gnu/libz.so.1.2.8
7f0dd10bb000-7f0dd10bc000 rw-p 00019000 08:01 1835212                    /lib/x86_64-linux-gnu/libz.so.1.2.8
7f0dd10bc000-7f0dd127c000 r-xp 00000000 08:01 1835184                    /lib/x86_64-linux-gnu/libc-2.23.so
7f0dd127c000-7f0dd147c000 ---p 001c0000 08:01 1835184                    /lib/x86_64-linux-gnu/libc-2.23.so
7f0dd147c000-7f0dd1480000 r--p 001c0000 08:01 1835184                    /lib/x86_64-linux-gnu/libc-2.23.so
7f0dd1480000-7f0dd1482000 rw-p 001c4000 08:01 1835184                    /lib/x86_64-linux-gnu/libc-2.23.so
7f0dd1482000-7f0dd1486000 rw-p 00000000 00:00 0 
7f0dd1486000-7f0dd1494000 r-xp 00000000 08:01 406757                     /usr/lib/jvm/java-8-openjdk-amd64/jre/lib/amd64/jli/libjli.so
7f0dd1494000-7f0dd1693000 ---p 0000e000 08:01 406757                     /usr/lib/jvm/java-8-openjdk-amd64/jre/lib/amd64/jli/libjli.so
7f0dd1693000-7f0dd1694000 r--p 0000d000 08:01 406757                     /usr/lib/jvm/java-8-openjdk-amd64/jre/lib/amd64/jli/libjli.so
7f0dd1694000-7f0dd1695000 rw-p 0000e000 08:01 406757                     /usr/lib/jvm/java-8-openjdk-amd64/jre/lib/amd64/jli/libjli.so
7f0dd1695000-7f0dd16bb000 r-xp 00000000 08:01 1835195                    /lib/x86_64-linux-gnu/ld-2.23.so
7f0dd189a000-7f0dd189e000 rw-p 00000000 00:00 0 
7f0dd18af000-7f0dd18b7000 rw-s 00000000 08:01 277791                     /tmp/hsperfdata_patmos/5150
7f0dd18b7000-7f0dd18b8000 rw-p 00000000 00:00 0 
7f0dd18b8000-7f0dd18b9000 r--p 00000000 00:00 0 
7f0dd18b9000-7f0dd18ba000 rw-p 00000000 00:00 0 
7f0dd18ba000-7f0dd18bb000 r--p 00025000 08:01 1835195                    /lib/x86_64-linux-gnu/ld-2.23.so
7f0dd18bb000-7f0dd18bc000 rw-p 00026000 08:01 1835195                    /lib/x86_64-linux-gnu/ld-2.23.so
7f0dd18bc000-7f0dd18bd000 rw-p 00000000 00:00 0 
7fff545cc000-7fff545ee000 rw-p 00000000 00:00 0                          [stack]
7fff545f2000-7fff545f4000 r--p 00000000 00:00 0                          [vvar]
7fff545f4000-7fff545f6000 r-xp 00000000 00:00 0                          [vdso]
ffffffffff600000-ffffffffff601000 r-xp 00000000 00:00 0                  [vsyscall]

VM Arguments:
jvm_args: -Dfile.encoding=UTF-8 -Xms1024m -Xmx1024m -Xss4M -XX:ReservedCodeCacheSize=128m 
java_command: /usr/share/sbt/bin/sbt-launch.jar test:runMain router.RouterTest
java_class_path (initial): /usr/share/sbt/bin/sbt-launch.jar
Launcher Type: SUN_STANDARD

Environment Variables:
PATH=/home/patmos/.local/bin:/home/patmos/bin:/home/patmos/.local/bin:/usr/local/sbin:/usr/local/bin:/usr/sbin:/usr/bin:/sbin:/bin:/usr/games:/usr/local/games:/snap/bin:/home/patmos/t-crest/local/bin:/home/patmos/intelFPGA_lite/16.1/quartus/bin
SHELL=/bin/bash
DISPLAY=:0

Signal Handlers:
SIGSEGV: [libjvm.so+0xb1e940], sa_mask[0]=11111111011111111101111111111110, sa_flags=SA_RESTART|SA_SIGINFO
SIGBUS: [libjvm.so+0xb1e940], sa_mask[0]=11111111011111111101111111111110, sa_flags=SA_RESTART|SA_SIGINFO
SIGFPE: [libjvm.so+0x956450], sa_mask[0]=11111111011111111101111111111110, sa_flags=SA_RESTART|SA_SIGINFO
SIGPIPE: [libjvm.so+0x956450], sa_mask[0]=11111111011111111101111111111110, sa_flags=SA_RESTART|SA_SIGINFO
SIGXFSZ: [libjvm.so+0x956450], sa_mask[0]=11111111011111111101111111111110, sa_flags=SA_RESTART|SA_SIGINFO
SIGILL: [libjvm.so+0x956450], sa_mask[0]=11111111011111111101111111111110, sa_flags=SA_RESTART|SA_SIGINFO
SIGUSR1: SIG_DFL, sa_mask[0]=00000000000000000000000000000000, sa_flags=none
SIGUSR2: [libjvm.so+0x956300], sa_mask[0]=00100000000000000000000000000000, sa_flags=SA_RESTART|SA_SIGINFO
SIGHUP: SIG_DFL, sa_mask[0]=00000000000000000000000000000000, sa_flags=none
SIGINT: SIG_DFL, sa_mask[0]=00000000000000000000000000000000, sa_flags=none
SIGTERM: SIG_DFL, sa_mask[0]=00000000000000000000000000000000, sa_flags=none
SIGQUIT: SIG_DFL, sa_mask[0]=00000000000000000000000000000000, sa_flags=none


---------------  S Y S T E M  ---------------

OS:DISTRIB_ID=Ubuntu
DISTRIB_RELEASE=16.04
DISTRIB_CODENAME=xenial
DISTRIB_DESCRIPTION="Ubuntu 16.04.7 LTS"

uname:Linux 4.4.0-197-generic #229-Ubuntu SMP Wed Nov 25 11:05:42 UTC 2020 x86_64
libc:glibc 2.23 NPTL 2.23 
rlimit: STACK 8192k, CORE 0k, NPROC 15563, NOFILE 1048576, AS infinity
load average:2.18 2.36 3.18

/proc/meminfo:
MemTotal:        4028476 kB
MemFree:          298516 kB
MemAvailable:     367528 kB
Buffers:           15188 kB
Cached:           391256 kB
SwapCached:        42884 kB
Active:          2109468 kB
Inactive:         969308 kB
Active(anon):    2012164 kB
Inactive(anon):   815524 kB
Active(file):      97304 kB
Inactive(file):   153784 kB
Unevictable:          48 kB
Mlocked:              48 kB
SwapTotal:       2094076 kB
SwapFree:         106856 kB
Dirty:               108 kB
Writeback:             0 kB
AnonPages:       2629756 kB
Mapped:           317940 kB
Shmem:            155356 kB
Slab:             108892 kB
SReclaimable:      46040 kB
SUnreclaim:        62852 kB
KernelStack:       15472 kB
PageTables:        52540 kB
NFS_Unstable:          0 kB
Bounce:                0 kB
WritebackTmp:          0 kB
CommitLimit:     4108312 kB
Committed_AS:    9180624 kB
VmallocTotal:   34359738367 kB
VmallocUsed:           0 kB
VmallocChunk:          0 kB
HardwareCorrupted:     0 kB
AnonHugePages:         0 kB
CmaTotal:              0 kB
CmaFree:               0 kB
HugePages_Total:       0
HugePages_Free:        0
HugePages_Rsvd:        0
HugePages_Surp:        0
Hugepagesize:       2048 kB
DirectMap4k:      567104 kB
DirectMap2M:     3627008 kB
DirectMap1G:     2097152 kB

container (cgroup) information:
container_type: cgroupv1
cpu_cpuset_cpus: 0-1
cpu_memory_nodes: 0
active_processor_count: 2
cpu_quota: -1
cpu_period: 100000
cpu_shares: -1
memory_limit_in_bytes: -1
memory_and_swap_limit_in_bytes: -2
memory_soft_limit_in_bytes: -1
memory_usage_in_bytes: 3123777536
memory_max_usage_in_bytes: 0


CPU:total 2 (initial active 2) (1 cores per cpu, 1 threads per core) family 6 model 142 stepping 10, cmov, cx8, fxsr, mmx, sse, sse2, sse3, ssse3, sse4.1, sse4.2, popcnt, avx, avx2, aes, clmul, erms, 3dnowpref, lzcnt, tsc, tscinvbit, bmi1, bmi2, adx

/proc/cpuinfo:
processor	: 0
vendor_id	: GenuineIntel
cpu family	: 6
model		: 142
model name	: Intel(R) Core(TM) i7-8550U CPU @ 1.80GHz
stepping	: 10
microcode	: 0xe0
cpu MHz		: 1991.999
cache size	: 8192 KB
physical id	: 0
siblings	: 1
core id		: 0
cpu cores	: 1
apicid		: 0
initial apicid	: 0
fpu		: yes
fpu_exception	: yes
cpuid level	: 22
wp		: yes
flags		: fpu vme de pse tsc msr pae mce cx8 apic sep mtrr pge mca cmov pat pse36 clflush mmx fxsr sse sse2 ss syscall nx pdpe1gb rdtscp lm constant_tsc arch_perfmon nopl xtopology tsc_reliable nonstop_tsc pni pclmulqdq ssse3 fma cx16 pcid sse4_1 sse4_2 x2apic movbe popcnt tsc_deadline_timer aes xsave avx f16c rdrand hypervisor lahf_lm abm 3dnowprefetch invpcid_single ssbd ibrs ibpb stibp kaiser fsgsbase tsc_adjust bmi1 avx2 smep bmi2 invpcid rdseed adx smap xsaveopt arat md_clear flush_l1d arch_capabilities
bugs		: cpu_meltdown spectre_v1 spectre_v2 spec_store_bypass l1tf mds swapgs itlb_multihit srbds
bogomips	: 3983.99
clflush size	: 64
cache_alignment	: 64
address sizes	: 42 bits physical, 48 bits virtual
power management:

processor	: 1
vendor_id	: GenuineIntel
cpu family	: 6
model		: 142
model name	: Intel(R) Core(TM) i7-8550U CPU @ 1.80GHz
stepping	: 10
microcode	: 0xe0
cpu MHz		: 1991.999
cache size	: 8192 KB
physical id	: 2
siblings	: 1
core id		: 0
cpu cores	: 1
apicid		: 2
initial apicid	: 2
fpu		: yes
fpu_exception	: yes
cpuid level	: 22
wp		: yes
flags		: fpu vme de pse tsc msr pae mce cx8 apic sep mtrr pge mca cmov pat pse36 clflush mmx fxsr sse sse2 ss syscall nx pdpe1gb rdtscp lm constant_tsc arch_perfmon nopl xtopology tsc_reliable nonstop_tsc pni pclmulqdq ssse3 fma cx16 pcid sse4_1 sse4_2 x2apic movbe popcnt tsc_deadline_timer aes xsave avx f16c rdrand hypervisor lahf_lm abm 3dnowprefetch invpcid_single ssbd ibrs ibpb stibp kaiser fsgsbase tsc_adjust bmi1 avx2 smep bmi2 invpcid rdseed adx smap xsaveopt arat md_clear flush_l1d arch_capabilities
bugs		: cpu_meltdown spectre_v1 spectre_v2 spec_store_bypass l1tf mds swapgs itlb_multihit srbds
bogomips	: 3983.99
clflush size	: 64
cache_alignment	: 64
address sizes	: 42 bits physical, 48 bits virtual
power management:



Memory: 4k page, physical 4028476k(298516k free), swap 2094076k(106856k free)

vm_info: OpenJDK 64-Bit Server VM (25.275-b01) for linux-amd64 JRE (1.8.0_275-8u275-b01-0ubuntu1~16.04-b01), built on Nov  9 2020 03:41:32 by "buildd" with gcc 5.4.0 20160609

time: Thu Jan  7 18:02:26 2021
timezone: CET
elapsed time: 0.008551 seconds (0d 0h 0m 0s)

